<?xml version="1.0" encoding="UTF-8"?>
<testsuite xmlns:xsi="http://www.w3.org/2001/XMLSchema-instance" xsi:noNamespaceSchemaLocation="https://maven.apache.org/surefire/maven-surefire-plugin/xsd/surefire-test-report.xsd" name="br.com.restassuredapitesting.runners.Acceptance" time="24.907" tests="4" errors="0" skipped="0" failures="0">
  <properties>
[...]
</properties>
  <testcase name="validarIdsDasReservasPorFirstName" classname="br.com.restassuredapitesting.tests.booking.tests.GetBookingTest" time="10.652"/>
  <testcase name="validarIdsDasReservas" classname="br.com.restassuredapitesting.tests.booking.tests.GetBookingTest" time="3.732"/>
  <testcase name="validarReservaEspecifica" classname="br.com.restassuredapitesting.tests.booking.tests.GetBookingTest" time="3.18"/>
  <testcase name="validarAlterarUmaReservaUtilizandoToken" classname="br.com.restassuredapitesting.tests.booking.tests.PutBookingTest" time="3.215"/>
</testsuite>